# JRE version: Java(TM) SE Runtime Environment (8.0_101-b13) (build 1.8.0_101-b13)
# Java VM: Java HotSpot(TM) 64-Bit Server VM (25.101-b13 mixed mode linux-amd64 compressed oops)
Heap:
 def new generation   total 4928K, used 2281K [0x00000000e0000000, 0x00000000e0550000, 0x00000000eaaa0000)
  eden space 4416K,  40% used [0x00000000e0000000, 0x00000000e01ba720, 0x00000000e0450000)
  from space 512K, 100% used [0x00000000e04d0000, 0x00000000e0550000, 0x00000000e0550000)
  to   space 512K,   0% used [0x00000000e0450000, 0x00000000e0450000, 0x00000000e04d0000)
 tenured generation   total 10944K, used 3542K [0x00000000eaaa0000, 0x00000000eb550000, 0x0000000100000000)
   the space 10944K,  32% used [0x00000000eaaa0000, 0x00000000eae15be8, 0x00000000eae15c00, 0x00000000eb550000)
 Metaspace       used 13342K, capacity 13416K, committed 13568K, reserved 1060864K
  class space    used 1911K, capacity 1936K, committed 2048K, reserved 1048576K
GC Heap History (10 events):
Event: 3.149 GC heap before
{Heap before GC invocations=8 (full 0):
 def new generation   total 4928K, used 4921K [0x00000000e0000000, 0x00000000e0550000, 0x00000000eaaa0000)
  eden space 4416K, 100% used [0x00000000e0000000, 0x00000000e0450000, 0x00000000e0450000)
  from space 512K,  98% used [0x00000000e0450000, 0x00000000e04ce748, 0x00000000e04d0000)
  to   space 512K,   0% used [0x00000000e04d0000, 0x00000000e04d0000, 0x00000000e0550000)
 tenured generation   total 10944K, used 1625K [0x00000000eaaa0000, 0x00000000eb550000, 0x0000000100000000)
   the space 10944K,  14% used [0x00000000eaaa0000, 0x00000000eac36408, 0x00000000eac36600, 0x00000000eb550000)
 Metaspace       used 8992K, capacity 9304K, committed 9472K, reserved 1056768K
  class space    used 1383K, capacity 1424K, committed 1536K, reserved 1048576K
Event: 3.157 GC heap after
Heap after GC invocations=9 (full 0):
 def new generation   total 4928K, used 511K [0x00000000e0000000, 0x00000000e0550000, 0x00000000eaaa0000)
  eden space 4416K,   0% used [0x00000000e0000000, 0x00000000e0000000, 0x00000000e0450000)
  from space 512K,  99% used [0x00000000e04d0000, 0x00000000e054fff8, 0x00000000e0550000)
  to   space 512K,   0% used [0x00000000e0450000, 0x00000000e0450000, 0x00000000e04d0000)
 tenured generation   total 10944K, used 1721K [0x00000000eaaa0000, 0x00000000eb550000, 0x0000000100000000)
   the space 10944K,  15% used [0x00000000eaaa0000, 0x00000000eac4e6c0, 0x00000000eac4e800, 0x00000000eb550000)
 Metaspace       used 8992K, capacity 9304K, committed 9472K, reserved 1056768K
  class space    used 1383K, capacity 1424K, committed 1536K, reserved 1048576K
}
Event: 5.499 GC heap before
{Heap before GC invocations=9 (full 0):
 def new generation   total 4928K, used 4927K [0x00000000e0000000, 0x00000000e0550000, 0x00000000eaaa0000)
  eden space 4416K, 100% used [0x00000000e0000000, 0x00000000e0450000, 0x00000000e0450000)
  from space 512K,  99% used [0x00000000e04d0000, 0x00000000e054fff8, 0x00000000e0550000)
  to   space 512K,   0% used [0x00000000e0450000, 0x00000000e0450000, 0x00000000e04d0000)
 tenured generation   total 10944K, used 1721K [0x00000000eaaa0000, 0x00000000eb550000, 0x0000000100000000)
   the space 10944K,  15% used [0x00000000eaaa0000, 0x00000000eac4e6c0, 0x00000000eac4e800, 0x00000000eb550000)
 Metaspace       used 10060K, capacity 10216K, committed 10368K, reserved 1058816K
  class space    used 1520K, capacity 1552K, committed 1664K, reserved 1048576K
Event: 5.528 GC heap after
Heap after GC invocations=10 (full 0):
 def new generation   total 4928K, used 511K [0x00000000e0000000, 0x00000000e0550000, 0x00000000eaaa0000)
  eden space 4416K,   0% used [0x00000000e0000000, 0x00000000e0000000, 0x00000000e0450000)
  from space 512K,  99% used [0x00000000e0450000, 0x00000000e04cfff8, 0x00000000e04d0000)
  to   space 512K,   0% used [0x00000000e04d0000, 0x00000000e04d0000, 0x00000000e0550000)
 tenured generation   total 10944K, used 2087K [0x00000000eaaa0000, 0x00000000eb550000, 0x0000000100000000)
   the space 10944K,  19% used [0x00000000eaaa0000, 0x00000000eaca9ce8, 0x00000000eaca9e00, 0x00000000eb550000)
 Metaspace       used 10060K, capacity 10216K, committed 10368K, reserved 1058816K
  class space    used 1520K, capacity 1552K, committed 1664K, reserved 1048576K
}
Event: 40.862 GC heap before
{Heap before GC invocations=10 (full 0):
 def new generation   total 4928K, used 4927K [0x00000000e0000000, 0x00000000e0550000, 0x00000000eaaa0000)
  eden space 4416K, 100% used [0x00000000e0000000, 0x00000000e0450000, 0x00000000e0450000)
  from space 512K,  99% used [0x00000000e0450000, 0x00000000e04cfff8, 0x00000000e04d0000)
  to   space 512K,   0% used [0x00000000e04d0000, 0x00000000e04d0000, 0x00000000e0550000)
 tenured generation   total 10944K, used 2087K [0x00000000eaaa0000, 0x00000000eb550000, 0x0000000100000000)
   the space 10944K,  19% used [0x00000000eaaa0000, 0x00000000eaca9ce8, 0x00000000eaca9e00, 0x00000000eb550000)
 Metaspace       used 10883K, capacity 10952K, committed 11136K, reserved 1058816K
  class space    used 1617K, capacity 1648K, committed 1664K, reserved 1048576K
Event: 40.876 GC heap after
Heap after GC invocations=11 (full 0):
 def new generation   total 4928K, used 511K [0x00000000e0000000, 0x00000000e0550000, 0x00000000eaaa0000)
  eden space 4416K,   0% used [0x00000000e0000000, 0x00000000e0000000, 0x00000000e0450000)
  from space 512K,  99% used [0x00000000e04d0000, 0x00000000e054fff8, 0x00000000e0550000)
  to   space 512K,   0% used [0x00000000e0450000, 0x00000000e0450000, 0x00000000e04d0000)
 tenured generation   total 10944K, used 2676K [0x00000000eaaa0000, 0x00000000eb550000, 0x0000000100000000)
   the space 10944K,  24% used [0x00000000eaaa0000, 0x00000000ead3d328, 0x00000000ead3d400, 0x00000000eb550000)
 Metaspace       used 10883K, capacity 10952K, committed 11136K, reserved 1058816K
  class space    used 1617K, capacity 1648K, committed 1664K, reserved 1048576K
}
Event: 64.356 GC heap before
{Heap before GC invocations=11 (full 0):
 def new generation   total 4928K, used 4927K [0x00000000e0000000, 0x00000000e0550000, 0x00000000eaaa0000)
  eden space 4416K, 100% used [0x00000000e0000000, 0x00000000e0450000, 0x00000000e0450000)
  from space 512K,  99% used [0x00000000e04d0000, 0x00000000e054fff8, 0x00000000e0550000)
  to   space 512K,   0% used [0x00000000e0450000, 0x00000000e0450000, 0x00000000e04d0000)
 tenured generation   total 10944K, used 2676K [0x00000000eaaa0000, 0x00000000eb550000, 0x0000000100000000)
   the space 10944K,  24% used [0x00000000eaaa0000, 0x00000000ead3d328, 0x00000000ead3d400, 0x00000000eb550000)
 Metaspace       used 12670K, capacity 12744K, committed 12928K, reserved 1060864K
  class space    used 1809K, capacity 1840K, committed 1920K, reserved 1048576K
Event: 64.382 GC heap after
Heap after GC invocations=12 (full 0):
 def new generation   total 4928K, used 511K [0x00000000e0000000, 0x00000000e0550000, 0x00000000eaaa0000)
  eden space 4416K,   0% used [0x00000000e0000000, 0x00000000e0000000, 0x00000000e0450000)
  from space 512K,  99% used [0x00000000e0450000, 0x00000000e04cfff8, 0x00000000e04d0000)
  to   space 512K,   0% used [0x00000000e04d0000, 0x00000000e04d0000, 0x00000000e0550000)
 tenured generation   total 10944K, used 3016K [0x00000000eaaa0000, 0x00000000eb550000, 0x0000000100000000)
   the space 10944K,  27% used [0x00000000eaaa0000, 0x00000000ead920e8, 0x00000000ead92200, 0x00000000eb550000)
 Metaspace       used 12670K, capacity 12744K, committed 12928K, reserved 1060864K
  class space    used 1809K, capacity 1840K, committed 1920K, reserved 1048576K
}
Event: 98.938 GC heap before
{Heap before GC invocations=12 (full 0):
 def new generation   total 4928K, used 4927K [0x00000000e0000000, 0x00000000e0550000, 0x00000000eaaa0000)
  eden space 4416K, 100% used [0x00000000e0000000, 0x00000000e0450000, 0x00000000e0450000)
  from space 512K,  99% used [0x00000000e0450000, 0x00000000e04cfff8, 0x00000000e04d0000)
  to   space 512K,   0% used [0x00000000e04d0000, 0x00000000e04d0000, 0x00000000e0550000)
 tenured generation   total 10944K, used 3016K [0x00000000eaaa0000, 0x00000000eb550000, 0x0000000100000000)
   the space 10944K,  27% used [0x00000000eaaa0000, 0x00000000ead920e8, 0x00000000ead92200, 0x00000000eb550000)
 Metaspace       used 13071K, capacity 13192K, committed 13440K, reserved 1060864K
  class space    used 1859K, capacity 1904K, committed 1920K, reserved 1048576K
Event: 99.099 GC heap after
Heap after GC invocations=13 (full 0):
 def new generation   total 4928K, used 512K [0x00000000e0000000, 0x00000000e0550000, 0x00000000eaaa0000)
  eden space 4416K,   0% used [0x00000000e0000000, 0x00000000e0000000, 0x00000000e0450000)
  from space 512K, 100% used [0x00000000e04d0000, 0x00000000e0550000, 0x00000000e0550000)
  to   space 512K,   0% used [0x00000000e0450000, 0x00000000e0450000, 0x00000000e04d0000)
 tenured generation   total 10944K, used 3542K [0x00000000eaaa0000, 0x00000000eb550000, 0x0000000100000000)
   the space 10944K,  32% used [0x00000000eaaa0000, 0x00000000eae15be8, 0x00000000eae15c00, 0x00000000eb550000)
 Metaspace       used 13071K, capacity 13192K, committed 13440K, reserved 1060864K
  class space    used 1859K, capacity 1904K, committed 1920K, reserved 1048576K
}

